# JRE version: Java(TM) SE Runtime Environment (8.0_201-b09) (build 1.8.0_201-b09)
# Java VM: Java HotSpot(TM) 64-Bit Server VM (25.201-b09 mixed mode bsd-amd64 compressed oops)
Heap:
 PSYoungGen      total 36352K, used 3274K [0x0000000795580000, 0x0000000797c80000, 0x00000007c0000000)
  eden space 32768K, 0% used [0x0000000795580000,0x00000007955a8f68,0x0000000797580000)
  from space 3584K, 86% used [0x0000000797600000,0x0000000797909c70,0x0000000797980000)
  to   space 3072K, 0% used [0x0000000797980000,0x0000000797980000,0x0000000797c80000)
 ParOldGen       total 87552K, used 46497K [0x0000000740000000, 0x0000000745580000, 0x0000000795580000)
  object space 87552K, 53% used [0x0000000740000000,0x0000000742d685f0,0x0000000745580000)
 Metaspace       used 14956K, capacity 15276K, committed 15360K, reserved 1062912K
  class space    used 1934K, capacity 2030K, committed 2048K, reserved 1048576K
GC Heap History (10 events):
Event: 9.151 GC heap before
{Heap before GC invocations=1 (full 0):
 PSYoungGen      total 38400K, used 33280K [0x0000000795580000, 0x0000000798000000, 0x00000007c0000000)
  eden space 33280K, 100% used [0x0000000795580000,0x0000000797600000,0x0000000797600000)
  from space 5120K, 0% used [0x0000000797b00000,0x0000000797b00000,0x0000000798000000)
  to   space 5120K, 0% used [0x0000000797600000,0x0000000797600000,0x0000000797b00000)
 ParOldGen       total 87552K, used 0K [0x0000000740000000, 0x0000000745580000, 0x0000000795580000)
  object space 87552K, 0% used [0x0000000740000000,0x0000000740000000,0x0000000745580000)
 Metaspace       used 14275K, capacity 14590K, committed 14848K, reserved 1062912K
  class space    used 1898K, capacity 1997K, committed 2048K, reserved 1048576K
Event: 9.159 GC heap after
Heap after GC invocations=1 (full 0):
 PSYoungGen      total 38400K, used 3223K [0x0000000795580000, 0x0000000798000000, 0x00000007c0000000)
  eden space 33280K, 0% used [0x0000000795580000,0x0000000795580000,0x0000000797600000)
  from space 5120K, 62% used [0x0000000797600000,0x0000000797925c88,0x0000000797b00000)
  to   space 5120K, 0% used [0x0000000797b00000,0x0000000797b00000,0x0000000798000000)
 ParOldGen       total 87552K, used 16K [0x0000000740000000, 0x0000000745580000, 0x0000000795580000)
  object space 87552K, 0% used [0x0000000740000000,0x0000000740004000,0x0000000745580000)
 Metaspace       used 14275K, capacity 14590K, committed 14848K, reserved 1062912K
  class space    used 1898K, capacity 1997K, committed 2048K, reserved 1048576K
}
Event: 179.841 GC heap before
{Heap before GC invocations=2 (full 0):
 PSYoungGen      total 38400K, used 36503K [0x0000000795580000, 0x0000000798000000, 0x00000007c0000000)
  eden space 33280K, 100% used [0x0000000795580000,0x0000000797600000,0x0000000797600000)
  from space 5120K, 62% used [0x0000000797600000,0x0000000797925c88,0x0000000797b00000)
  to   space 5120K, 0% used [0x0000000797b00000,0x0000000797b00000,0x0000000798000000)
 ParOldGen       total 87552K, used 16K [0x0000000740000000, 0x0000000745580000, 0x0000000795580000)
  object space 87552K, 0% used [0x0000000740000000,0x0000000740004000,0x0000000745580000)
 Metaspace       used 14732K, capacity 15084K, committed 15104K, reserved 1062912K
  class space    used 1928K, capacity 2030K, committed 2048K, reserved 1048576K
Event: 179.848 GC heap after
Heap after GC invocations=2 (full 0):
 PSYoungGen      total 38400K, used 3143K [0x0000000795580000, 0x0000000798000000, 0x00000007c0000000)
  eden space 33280K, 0% used [0x0000000795580000,0x0000000795580000,0x0000000797600000)
  from space 5120K, 61% used [0x0000000797b00000,0x0000000797e11c50,0x0000000798000000)
  to   space 5120K, 0% used [0x0000000797600000,0x0000000797600000,0x0000000797b00000)
 ParOldGen       total 87552K, used 24K [0x0000000740000000, 0x0000000745580000, 0x0000000795580000)
  object space 87552K, 0% used [0x0000000740000000,0x0000000740006000,0x0000000745580000)
 Metaspace       used 14732K, capacity 15084K, committed 15104K, reserved 1062912K
  class space    used 1928K, capacity 2030K, committed 2048K, reserved 1048576K
}
Event: 428.225 GC heap before
{Heap before GC invocations=3 (full 0):
 PSYoungGen      total 38400K, used 36423K [0x0000000795580000, 0x0000000798000000, 0x00000007c0000000)
  eden space 33280K, 100% used [0x0000000795580000,0x0000000797600000,0x0000000797600000)
  from space 5120K, 61% used [0x0000000797b00000,0x0000000797e11c50,0x0000000798000000)
  to   space 5120K, 0% used [0x0000000797600000,0x0000000797600000,0x0000000797b00000)
 ParOldGen       total 87552K, used 24K [0x0000000740000000, 0x0000000745580000, 0x0000000795580000)
  object space 87552K, 0% used [0x0000000740000000,0x0000000740006000,0x0000000745580000)
 Metaspace       used 14771K, capacity 15084K, committed 15104K, reserved 1062912K
  class space    used 1928K, capacity 2030K, committed 2048K, reserved 1048576K
Event: 428.239 GC heap after
Heap after GC invocations=3 (full 0):
 PSYoungGen      total 38400K, used 2951K [0x0000000795580000, 0x0000000798000000, 0x00000007c0000000)
  eden space 33280K, 0% used [0x0000000795580000,0x0000000795580000,0x0000000797600000)
  from space 5120K, 57% used [0x0000000797600000,0x00000007978e1c50,0x0000000797b00000)
  to   space 5120K, 0% used [0x0000000797b00000,0x0000000797b00000,0x0000000798000000)
 ParOldGen       total 87552K, used 32K [0x0000000740000000, 0x0000000745580000, 0x0000000795580000)
  object space 87552K, 0% used [0x0000000740000000,0x0000000740008000,0x0000000745580000)
 Metaspace       used 14771K, capacity 15084K, committed 15104K, reserved 1062912K
  class space    used 1928K, capacity 2030K, committed 2048K, reserved 1048576K
}
Event: 480.145 GC heap before
{Heap before GC invocations=4 (full 0):
 PSYoungGen      total 38400K, used 31886K [0x0000000795580000, 0x0000000798000000, 0x00000007c0000000)
  eden space 33280K, 86% used [0x0000000795580000,0x00000007971c1c30,0x0000000797600000)
  from space 5120K, 57% used [0x0000000797600000,0x00000007978e1c50,0x0000000797b00000)
  to   space 5120K, 0% used [0x0000000797b00000,0x0000000797b00000,0x0000000798000000)
 ParOldGen       total 87552K, used 32K [0x0000000740000000, 0x0000000745580000, 0x0000000795580000)
  object space 87552K, 0% used [0x0000000740000000,0x0000000740008000,0x0000000745580000)
 Metaspace       used 14824K, capacity 15148K, committed 15360K, reserved 1062912K
  class space    used 1934K, capacity 2030K, committed 2048K, reserved 1048576K
Event: 480.220 GC heap after
Heap after GC invocations=4 (full 0):
 PSYoungGen      total 38400K, used 3047K [0x0000000795580000, 0x0000000798000000, 0x00000007c0000000)
  eden space 33280K, 0% used [0x0000000795580000,0x0000000795580000,0x0000000797600000)
  from space 5120K, 59% used [0x0000000797b00000,0x0000000797df9c50,0x0000000798000000)
  to   space 5120K, 0% used [0x0000000797600000,0x0000000797600000,0x0000000797b00000)
 ParOldGen       total 87552K, used 46489K [0x0000000740000000, 0x0000000745580000, 0x0000000795580000)
  object space 87552K, 53% used [0x0000000740000000,0x0000000742d665f0,0x0000000745580000)
 Metaspace       used 14824K, capacity 15148K, committed 15360K, reserved 1062912K
  class space    used 1934K, capacity 2030K, committed 2048K, reserved 1048576K
}
Event: 523.789 GC heap before
{Heap before GC invocations=5 (full 0):
 PSYoungGen      total 38400K, used 36327K [0x0000000795580000, 0x0000000798000000, 0x00000007c0000000)
  eden space 33280K, 100% used [0x0000000795580000,0x0000000797600000,0x0000000797600000)
  from space 5120K, 59% used [0x0000000797b00000,0x0000000797df9c50,0x0000000798000000)
  to   space 5120K, 0% used [0x0000000797600000,0x0000000797600000,0x0000000797b00000)
 ParOldGen       total 87552K, used 46489K [0x0000000740000000, 0x0000000745580000, 0x0000000795580000)
  object space 87552K, 53% used [0x0000000740000000,0x0000000742d665f0,0x0000000745580000)
 Metaspace       used 14956K, capacity 15276K, committed 15360K, reserved 1062912K
  class space    used 1934K, capacity 2030K, committed 2048K, reserved 1048576K
Event: 523.800 GC heap after
Heap after GC invocations=5 (full 0):
 PSYoungGen      total 36352K, used 3111K [0x0000000795580000, 0x0000000797c80000, 0x00000007c0000000)
  eden space 32768K, 0% used [0x0000000795580000,0x0000000795580000,0x0000000797580000)
  from space 3584K, 86% used [0x0000000797600000,0x0000000797909c70,0x0000000797980000)
  to   space 3072K, 0% used [0x0000000797980000,0x0000000797980000,0x0000000797c80000)
 ParOldGen       total 87552K, used 46497K [0x0000000740000000, 0x0000000745580000, 0x0000000795580000)
  object space 87552K, 53% used [0x0000000740000000,0x0000000742d685f0,0x0000000745580000)
 Metaspace       used 14956K, capacity 15276K, committed 15360K, reserved 1062912K
  class space    used 1934K, capacity 2030K, committed 2048K, reserved 1048576K
}

